<?xml version="1.0" encoding="UTF-8"?>
<testng-results ignored="0" total="0" passed="0" failed="0" skipped="0">
  <reporter-output>
  </reporter-output>
  <suite started-at="2024-11-26T21:35:08 IST" name="Surefire suite" finished-at="2024-11-26T21:35:13 IST" duration-ms="5421">
    <groups>
    </groups>
    <test started-at="2024-11-26T21:35:08 IST" name="Surefire test" finished-at="2024-11-26T21:35:13 IST" duration-ms="5421">
      <class name="TesstScript.TestCase">
        <test-method is-config="true" signature="setup()[pri:0, instance:TesstScript.TestCase@793be5ca]" started-at="2024-11-26T21:35:08 IST" name="setup" finished-at="2024-11-26T21:35:13 IST" duration-ms="5404" status="PASS">
          <reporter-output>
          </reporter-output>
        </test-method> <!-- setup -->
      </class> <!-- TesstScript.TestCase -->
    </test> <!-- Surefire test -->
  </suite> <!-- Surefire suite -->
</testng-results>
